{
  "stats": {
    "suites": 12,
    "tests": 41,
    "passes": 1,
    "pending": 0,
    "failures": 40,
    "start": "2022-08-03T16:46:24.828Z",
    "end": "2022-08-03T16:49:09.555Z",
    "duration": 164727,
    "testsRegistered": 41,
    "passPercent": 2.4390243902439024,
    "pendingPercent": 0,
    "other": 0,
    "hasOther": false,
    "skipped": 0,
    "hasSkipped": false
  },
  "results": [
    {
      "uuid": "6138a4f9-89d5-41b0-877f-8928b2164638",
      "title": "",
      "fullFile": "cypress/integration/project.spec.js",
      "file": "cypress/integration/project.spec.js",
      "beforeHooks": [],
      "afterHooks": [],
      "tests": [],
      "suites": [
        {
          "uuid": "1f553536-25d5-4b62-a811-944ca415e5bd",
          "title": "1 - Adicione à página o título \"Paleta de Cores\"",
          "fullFile": "",
          "file": "",
          "beforeHooks": [],
          "afterHooks": [],
          "tests": [
            {
              "title": "Verifica se contém um elemento `h1` com o id `title` com o título correto",
              "fullTitle": "1 - Adicione à página o título \"Paleta de Cores\" Verifica se contém um elemento `h1` com o id `title` com o título correto",
              "timedOut": null,
              "duration": 59,
              "state": "passed",
              "speed": "medium",
              "pass": true,
              "fail": false,
              "pending": false,
              "context": null,
              "code": "cy.get('h1#title').should('contain.text', 'Paleta de Cores');",
              "err": {},
              "uuid": "981dca30-f183-4a40-9d09-b6b44b86eff4",
              "parentUUID": "1f553536-25d5-4b62-a811-944ca415e5bd",
              "isHook": false,
              "skipped": false
            }
          ],
          "suites": [],
          "passes": [
            "981dca30-f183-4a40-9d09-b6b44b86eff4"
          ],
          "failures": [],
          "pending": [],
          "skipped": [],
          "duration": 59,
          "root": false,
          "rootEmpty": false,
          "_timeout": 2000
        },
        {
          "uuid": "2fb12385-483a-40e0-9c60-ce515707b1e1",
          "title": "2 - Adicione à página uma paleta contendo quatro cores distintas",
          "fullFile": "",
          "file": "",
          "beforeHooks": [],
          "afterHooks": [],
          "tests": [
            {
              "title": "A paleta de cores deve ser um elemento com `id` denominado `color-palette` e ter mais de 0px de altura e de largura.",
              "fullTitle": "2 - Adicione à página uma paleta contendo quatro cores distintas A paleta de cores deve ser um elemento com `id` denominado `color-palette` e ter mais de 0px de altura e de largura.",
              "timedOut": null,
              "duration": 4119,
              "state": "failed",
              "speed": null,
              "pass": false,
              "fail": true,
              "pending": false,
              "context": null,
              "code": "cy.get('#color-palette').should('be.visible');\ncy.get('#color-palette').children('.color');",
              "err": {
                "message": "CypressError: Timed out retrying: Expected to find element: '#color-palette', but never found it.",
                "estack": "CypressError: Timed out retrying: Expected to find element: '#color-palette', but never found it.\n    at cypressErr (http://localhost:43437/__cypress/runner/cypress_runner.js:149934:9)\n    at throwErr (http://localhost:43437/__cypress/runner/cypress_runner.js:149867:11)\n    at Object.throwErrByPath (http://localhost:43437/__cypress/runner/cypress_runner.js:149915:3)\n    at retry (http://localhost:43437/__cypress/runner/cypress_runner.js:144197:19)\n    at onFailFn (http://localhost:43437/__cypress/runner/cypress_runner.js:132448:16)\n    at tryCatcher (http://localhost:43437/__cypress/runner/cypress_runner.js:167415:23)\n    at Promise._settlePromiseFromHandler (http://localhost:43437/__cypress/runner/cypress_runner.js:165351:31)\n    at Promise._settlePromise (http://localhost:43437/__cypress/runner/cypress_runner.js:165408:18)\n    at Promise._settlePromise0 (http://localhost:43437/__cypress/runner/cypress_runner.js:165453:10)\n    at Promise._settlePromises (http://localhost:43437/__cypress/runner/cypress_runner.js:165528:18)\n    at Async../node_modules/bluebird/js/release/async.js.Async._drainQueue (http://localhost:43437/__cypress/runner/cypress_runner.js:162140:16)\n    at Async../node_modules/bluebird/js/release/async.js.Async._drainQueues (http://localhost:43437/__cypress/runner/cypress_runner.js:162150:10)\n    at Async.drainQueues (http://localhost:43437/__cypress/runner/cypress_runner.js:162024:14)",
                "diff": null
              },
              "uuid": "e29139d2-b0c8-43d5-ab02-3392cff33fd4",
              "parentUUID": "2fb12385-483a-40e0-9c60-ce515707b1e1",
              "isHook": false,
              "skipped": false
            },
            {
              "title": "Verifica se cada cor individual da paleta de cores possui a `classe` chamada `color`.",
              "fullTitle": "2 - Adicione à página uma paleta contendo quatro cores distintas Verifica se cada cor individual da paleta de cores possui a `classe` chamada `color`.",
              "timedOut": null,
              "duration": 4097,
              "state": "failed",
              "speed": null,
              "pass": false,
              "fail": true,
              "pending": false,
              "context": null,
              "code": "cy.get('.color').should('have.length', 4).then(function (colors) {\n  for (var i = 0; i < colors.length; i++) {\n    cy.wrap(colors[i]).should('be.visible');\n  }\n});",
              "err": {
                "message": "CypressError: Timed out retrying: Expected to find element: '.color', but never found it.",
                "estack": "CypressError: Timed out retrying: Expected to find element: '.color', but never found it.\n    at cypressErr (http://localhost:43437/__cypress/runner/cypress_runner.js:149934:9)\n    at throwErr (http://localhost:43437/__cypress/runner/cypress_runner.js:149867:11)\n    at Object.throwErrByPath (http://localhost:43437/__cypress/runner/cypress_runner.js:149915:3)\n    at retry (http://localhost:43437/__cypress/runner/cypress_runner.js:144197:19)\n    at onFailFn (http://localhost:43437/__cypress/runner/cypress_runner.js:132448:16)\n    at tryCatcher (http://localhost:43437/__cypress/runner/cypress_runner.js:167415:23)\n    at Promise._settlePromiseFromHandler (http://localhost:43437/__cypress/runner/cypress_runner.js:165351:31)\n    at Promise._settlePromise (http://localhost:43437/__cypress/runner/cypress_runner.js:165408:18)\n    at Promise._settlePromise0 (http://localhost:43437/__cypress/runner/cypress_runner.js:165453:10)\n    at Promise._settlePromises (http://localhost:43437/__cypress/runner/cypress_runner.js:165528:18)\n    at Async../node_modules/bluebird/js/release/async.js.Async._drainQueue (http://localhost:43437/__cypress/runner/cypress_runner.js:162140:16)\n    at Async../node_modules/bluebird/js/release/async.js.Async._drainQueues (http://localhost:43437/__cypress/runner/cypress_runner.js:162150:10)\n    at Async.drainQueues (http://localhost:43437/__cypress/runner/cypress_runner.js:162024:14)",
                "diff": null
              },
              "uuid": "4f7dcf57-cb0d-43b1-8f34-b2f1327caf9b",
              "parentUUID": "2fb12385-483a-40e0-9c60-ce515707b1e1",
              "isHook": false,
              "skipped": false
            },
            {
              "title": "Verifica se a cor de fundo de cada elemento da paleta é a cor que o elemento representa. **A única cor não permitida na paleta é a cor branca.**",
              "fullTitle": "2 - Adicione à página uma paleta contendo quatro cores distintas Verifica se a cor de fundo de cada elemento da paleta é a cor que o elemento representa. **A única cor não permitida na paleta é a cor branca.**",
              "timedOut": null,
              "duration": 4108,
              "state": "failed",
              "speed": null,
              "pass": false,
              "fail": true,
              "pending": false,
              "context": null,
              "code": "cy.get('.color').each(function (color) {\n  cy.wrap(color).should('have.class', 'color').and('not.have.css', 'background-color', WHITE);\n  cy.wrap(color).should('have.css', 'background-color');\n});",
              "err": {
                "message": "CypressError: Timed out retrying: Expected to find element: '.color', but never found it.",
                "estack": "CypressError: Timed out retrying: Expected to find element: '.color', but never found it.\n    at cypressErr (http://localhost:43437/__cypress/runner/cypress_runner.js:149934:9)\n    at throwErr (http://localhost:43437/__cypress/runner/cypress_runner.js:149867:11)\n    at Object.throwErrByPath (http://localhost:43437/__cypress/runner/cypress_runner.js:149915:3)\n    at retry (http://localhost:43437/__cypress/runner/cypress_runner.js:144197:19)\n    at onFailFn (http://localhost:43437/__cypress/runner/cypress_runner.js:132448:16)\n    at tryCatcher (http://localhost:43437/__cypress/runner/cypress_runner.js:167415:23)\n    at Promise._settlePromiseFromHandler (http://localhost:43437/__cypress/runner/cypress_runner.js:165351:31)\n    at Promise._settlePromise (http://localhost:43437/__cypress/runner/cypress_runner.js:165408:18)\n    at Promise._settlePromise0 (http://localhost:43437/__cypress/runner/cypress_runner.js:165453:10)\n    at Promise._settlePromises (http://localhost:43437/__cypress/runner/cypress_runner.js:165528:18)\n    at Async../node_modules/bluebird/js/release/async.js.Async._drainQueue (http://localhost:43437/__cypress/runner/cypress_runner.js:162140:16)\n    at Async../node_modules/bluebird/js/release/async.js.Async._drainQueues (http://localhost:43437/__cypress/runner/cypress_runner.js:162150:10)\n    at Async.drainQueues (http://localhost:43437/__cypress/runner/cypress_runner.js:162024:14)",
                "diff": null
              },
              "uuid": "d3cc9e44-fd35-41c7-8aa5-67cf71d79f40",
              "parentUUID": "2fb12385-483a-40e0-9c60-ce515707b1e1",
              "isHook": false,
              "skipped": false
            },
            {
              "title": "Verifica se cada elemento da paleta de cores tem uma borda preta, sólida e com 1 pixel de largura;",
              "fullTitle": "2 - Adicione à página uma paleta contendo quatro cores distintas Verifica se cada elemento da paleta de cores tem uma borda preta, sólida e com 1 pixel de largura;",
              "timedOut": null,
              "duration": 4100,
              "state": "failed",
              "speed": null,
              "pass": false,
              "fail": true,
              "pending": false,
              "context": null,
              "code": "cy.get('.color').each(function (color) {\n  cy.wrap(color).and('have.css', 'border', \"1px solid \".concat(BLACK)).and('have.class', 'color');\n});",
              "err": {
                "message": "CypressError: Timed out retrying: Expected to find element: '.color', but never found it.",
                "estack": "CypressError: Timed out retrying: Expected to find element: '.color', but never found it.\n    at cypressErr (http://localhost:43437/__cypress/runner/cypress_runner.js:149934:9)\n    at throwErr (http://localhost:43437/__cypress/runner/cypress_runner.js:149867:11)\n    at Object.throwErrByPath (http://localhost:43437/__cypress/runner/cypress_runner.js:149915:3)\n    at retry (http://localhost:43437/__cypress/runner/cypress_runner.js:144197:19)\n    at onFailFn (http://localhost:43437/__cypress/runner/cypress_runner.js:132448:16)\n    at tryCatcher (http://localhost:43437/__cypress/runner/cypress_runner.js:167415:23)\n    at Promise._settlePromiseFromHandler (http://localhost:43437/__cypress/runner/cypress_runner.js:165351:31)\n    at Promise._settlePromise (http://localhost:43437/__cypress/runner/cypress_runner.js:165408:18)\n    at Promise._settlePromise0 (http://localhost:43437/__cypress/runner/cypress_runner.js:165453:10)\n    at Promise._settlePromises (http://localhost:43437/__cypress/runner/cypress_runner.js:165528:18)\n    at Async../node_modules/bluebird/js/release/async.js.Async._drainQueue (http://localhost:43437/__cypress/runner/cypress_runner.js:162140:16)\n    at Async../node_modules/bluebird/js/release/async.js.Async._drainQueues (http://localhost:43437/__cypress/runner/cypress_runner.js:162150:10)\n    at Async.drainQueues (http://localhost:43437/__cypress/runner/cypress_runner.js:162024:14)",
                "diff": null
              },
              "uuid": "69046778-9c93-49e7-aea9-7254bf7e1a19",
              "parentUUID": "2fb12385-483a-40e0-9c60-ce515707b1e1",
              "isHook": false,
              "skipped": false
            },
            {
              "title": "Verifica se a paleta lista todas as cores disponíveis para utilização, lado a lado.",
              "fullTitle": "2 - Adicione à página uma paleta contendo quatro cores distintas Verifica se a paleta lista todas as cores disponíveis para utilização, lado a lado.",
              "timedOut": null,
              "duration": 4093,
              "state": "failed",
              "speed": null,
              "pass": false,
              "fail": true,
              "pending": false,
              "context": null,
              "code": "cy.get('.color').then(function (colors) {\n  for (var index = 1; index < colors.length; index += 1) {\n    var currentColor = colors[index];\n    var previousColor = colors[index - 1];\n    cy.wrap(currentColor).should('be.onTheRightOf', previousColor).and('be.horizontallyAlignedWith', previousColor);\n  }\n});",
              "err": {
                "message": "CypressError: Timed out retrying: Expected to find element: '.color', but never found it.",
                "estack": "CypressError: Timed out retrying: Expected to find element: '.color', but never found it.\n    at cypressErr (http://localhost:43437/__cypress/runner/cypress_runner.js:149934:9)\n    at throwErr (http://localhost:43437/__cypress/runner/cypress_runner.js:149867:11)\n    at Object.throwErrByPath (http://localhost:43437/__cypress/runner/cypress_runner.js:149915:3)\n    at retry (http://localhost:43437/__cypress/runner/cypress_runner.js:144197:19)\n    at onFailFn (http://localhost:43437/__cypress/runner/cypress_runner.js:132448:16)\n    at tryCatcher (http://localhost:43437/__cypress/runner/cypress_runner.js:167415:23)\n    at Promise._settlePromiseFromHandler (http://localhost:43437/__cypress/runner/cypress_runner.js:165351:31)\n    at Promise._settlePromise (http://localhost:43437/__cypress/runner/cypress_runner.js:165408:18)\n    at Promise._settlePromise0 (http://localhost:43437/__cypress/runner/cypress_runner.js:165453:10)\n    at Promise._settlePromises (http://localhost:43437/__cypress/runner/cypress_runner.js:165528:18)\n    at Async../node_modules/bluebird/js/release/async.js.Async._drainQueue (http://localhost:43437/__cypress/runner/cypress_runner.js:162140:16)\n    at Async../node_modules/bluebird/js/release/async.js.Async._drainQueues (http://localhost:43437/__cypress/runner/cypress_runner.js:162150:10)\n    at Async.drainQueues (http://localhost:43437/__cypress/runner/cypress_runner.js:162024:14)",
                "diff": null
              },
              "uuid": "4c30019e-095d-421f-80d2-c1c7fc3bf474",
              "parentUUID": "2fb12385-483a-40e0-9c60-ce515707b1e1",
              "isHook": false,
              "skipped": false
            },
            {
              "title": "Verifica se a paleta de cores está posicionada abaixo do título 'Paleta de Cores'",
              "fullTitle": "2 - Adicione à página uma paleta contendo quatro cores distintas Verifica se a paleta de cores está posicionada abaixo do título 'Paleta de Cores'",
              "timedOut": null,
              "duration": 4090,
              "state": "failed",
              "speed": null,
              "pass": false,
              "fail": true,
              "pending": false,
              "context": null,
              "code": "cy.get('h1#title').then(function (title) {\n  cy.get('#color-palette').should('be.belowOf', title);\n});",
              "err": {
                "message": "CypressError: Timed out retrying: Expected to find element: '#color-palette', but never found it.",
                "estack": "CypressError: Timed out retrying: Expected to find element: '#color-palette', but never found it.\n    at cypressErr (http://localhost:43437/__cypress/runner/cypress_runner.js:149934:9)\n    at throwErr (http://localhost:43437/__cypress/runner/cypress_runner.js:149867:11)\n    at Object.throwErrByPath (http://localhost:43437/__cypress/runner/cypress_runner.js:149915:3)\n    at retry (http://localhost:43437/__cypress/runner/cypress_runner.js:144197:19)\n    at onFailFn (http://localhost:43437/__cypress/runner/cypress_runner.js:132448:16)\n    at tryCatcher (http://localhost:43437/__cypress/runner/cypress_runner.js:167415:23)\n    at Promise._settlePromiseFromHandler (http://localhost:43437/__cypress/runner/cypress_runner.js:165351:31)\n    at Promise._settlePromise (http://localhost:43437/__cypress/runner/cypress_runner.js:165408:18)\n    at Promise._settlePromise0 (http://localhost:43437/__cypress/runner/cypress_runner.js:165453:10)\n    at Promise._settlePromises (http://localhost:43437/__cypress/runner/cypress_runner.js:165528:18)\n    at Async../node_modules/bluebird/js/release/async.js.Async._drainQueue (http://localhost:43437/__cypress/runner/cypress_runner.js:162140:16)\n    at Async../node_modules/bluebird/js/release/async.js.Async._drainQueues (http://localhost:43437/__cypress/runner/cypress_runner.js:162150:10)\n    at Async.drainQueues (http://localhost:43437/__cypress/runner/cypress_runner.js:162024:14)",
                "diff": null
              },
              "uuid": "06c11152-83c9-480b-9d1c-3ac06fc56135",
              "parentUUID": "2fb12385-483a-40e0-9c60-ce515707b1e1",
              "isHook": false,
              "skipped": false
            },
            {
              "title": "Verifica se a paleta de cores não contém cores repetidas.",
              "fullTitle": "2 - Adicione à página uma paleta contendo quatro cores distintas Verifica se a paleta de cores não contém cores repetidas.",
              "timedOut": null,
              "duration": 4099,
              "state": "failed",
              "speed": null,
              "pass": false,
              "fail": true,
              "pending": false,
              "context": null,
              "code": "cy.get('.color').then(function (colors) {\n  var allColors = Array.from(colors).map(function (color) {\n    return Cypress.$(color).css('background-color');\n  });\n  cy.log(allColors);\n  var uniqColors = (0, _toConsumableArray2[\"default\"])(new Set(allColors));\n  cy.log(uniqColors);\n  expect(allColors.length).to.eq(uniqColors.length);\n});",
              "err": {
                "message": "CypressError: Timed out retrying: Expected to find element: '.color', but never found it.",
                "estack": "CypressError: Timed out retrying: Expected to find element: '.color', but never found it.\n    at cypressErr (http://localhost:43437/__cypress/runner/cypress_runner.js:149934:9)\n    at throwErr (http://localhost:43437/__cypress/runner/cypress_runner.js:149867:11)\n    at Object.throwErrByPath (http://localhost:43437/__cypress/runner/cypress_runner.js:149915:3)\n    at retry (http://localhost:43437/__cypress/runner/cypress_runner.js:144197:19)\n    at onFailFn (http://localhost:43437/__cypress/runner/cypress_runner.js:132448:16)\n    at tryCatcher (http://localhost:43437/__cypress/runner/cypress_runner.js:167415:23)\n    at Promise._settlePromiseFromHandler (http://localhost:43437/__cypress/runner/cypress_runner.js:165351:31)\n    at Promise._settlePromise (http://localhost:43437/__cypress/runner/cypress_runner.js:165408:18)\n    at Promise._settlePromise0 (http://localhost:43437/__cypress/runner/cypress_runner.js:165453:10)\n    at Promise._settlePromises (http://localhost:43437/__cypress/runner/cypress_runner.js:165528:18)\n    at Async../node_modules/bluebird/js/release/async.js.Async._drainQueue (http://localhost:43437/__cypress/runner/cypress_runner.js:162140:16)\n    at Async../node_modules/bluebird/js/release/async.js.Async._drainQueues (http://localhost:43437/__cypress/runner/cypress_runner.js:162150:10)\n    at Async.drainQueues (http://localhost:43437/__cypress/runner/cypress_runner.js:162024:14)",
                "diff": null
              },
              "uuid": "2e5601ca-4507-4b67-9e29-e9068df3609c",
              "parentUUID": "2fb12385-483a-40e0-9c60-ce515707b1e1",
              "isHook": false,
              "skipped": false
            }
          ],
          "suites": [],
          "passes": [],
          "failures": [
            "e29139d2-b0c8-43d5-ab02-3392cff33fd4",
            "4f7dcf57-cb0d-43b1-8f34-b2f1327caf9b",
            "d3cc9e44-fd35-41c7-8aa5-67cf71d79f40",
            "69046778-9c93-49e7-aea9-7254bf7e1a19",
            "4c30019e-095d-421f-80d2-c1c7fc3bf474",
            "06c11152-83c9-480b-9d1c-3ac06fc56135",
            "2e5601ca-4507-4b67-9e29-e9068df3609c"
          ],
          "pending": [],
          "skipped": [],
          "duration": 28706,
          "root": false,
          "rootEmpty": false,
          "_timeout": 2000
        },
        {
          "uuid": "fc0e404f-84de-466b-b6d6-0dbf1c504842",
          "title": "3 - Adicione a cor **preta** como a primeira cor da paleta de cores",
          "fullFile": "",
          "file": "",
          "beforeHooks": [],
          "afterHooks": [],
          "tests": [
            {
              "title": "Verifica se a primeira cor da paleta é preta",
              "fullTitle": "3 - Adicione a cor **preta** como a primeira cor da paleta de cores Verifica se a primeira cor da paleta é preta",
              "timedOut": null,
              "duration": 4108,
              "state": "failed",
              "speed": null,
              "pass": false,
              "fail": true,
              "pending": false,
              "context": null,
              "code": "cy.get('.color').first().should('have.css', 'background-color', BLACK);",
              "err": {
                "message": "CypressError: Timed out retrying: Expected to find element: '.color', but never found it.",
                "estack": "CypressError: Timed out retrying: Expected to find element: '.color', but never found it.\n    at cypressErr (http://localhost:43437/__cypress/runner/cypress_runner.js:149934:9)\n    at throwErr (http://localhost:43437/__cypress/runner/cypress_runner.js:149867:11)\n    at Object.throwErrByPath (http://localhost:43437/__cypress/runner/cypress_runner.js:149915:3)\n    at retry (http://localhost:43437/__cypress/runner/cypress_runner.js:144197:19)\n    at onFailFn (http://localhost:43437/__cypress/runner/cypress_runner.js:132448:16)\n    at tryCatcher (http://localhost:43437/__cypress/runner/cypress_runner.js:167415:23)\n    at Promise._settlePromiseFromHandler (http://localhost:43437/__cypress/runner/cypress_runner.js:165351:31)\n    at Promise._settlePromise (http://localhost:43437/__cypress/runner/cypress_runner.js:165408:18)\n    at Promise._settlePromise0 (http://localhost:43437/__cypress/runner/cypress_runner.js:165453:10)\n    at Promise._settlePromises (http://localhost:43437/__cypress/runner/cypress_runner.js:165528:18)\n    at Async../node_modules/bluebird/js/release/async.js.Async._drainQueue (http://localhost:43437/__cypress/runner/cypress_runner.js:162140:16)\n    at Async../node_modules/bluebird/js/release/async.js.Async._drainQueues (http://localhost:43437/__cypress/runner/cypress_runner.js:162150:10)\n    at Async.drainQueues (http://localhost:43437/__cypress/runner/cypress_runner.js:162024:14)",
                "diff": null
              },
              "uuid": "6e7efbef-b39e-42b4-837f-99690b70a4e6",
              "parentUUID": "fc0e404f-84de-466b-b6d6-0dbf1c504842",
              "isHook": false,
              "skipped": false
            },
            {
              "title": "Verifica se as demais cores podem ser escolhidas livremente.",
              "fullTitle": "3 - Adicione a cor **preta** como a primeira cor da paleta de cores Verifica se as demais cores podem ser escolhidas livremente.",
              "timedOut": null,
              "duration": 4099,
              "state": "failed",
              "speed": null,
              "pass": false,
              "fail": true,
              "pending": false,
              "context": null,
              "code": "cy.get('.color').eq(1).should('not.have.css', 'background-color', BLACK);\ncy.get('.color').eq(1).should('not.have.css', 'background-color', WHITE);\ncy.get('.color').eq(1).should('not.have.css', 'background-color', 'rgba(0, 0, 0, 0)');\ncy.get('.color').eq(1).should('have.css', 'background-color');\ncy.get('.color').eq(2).should('not.have.css', 'background-color', BLACK);\ncy.get('.color').eq(2).should('not.have.css', 'background-color', WHITE);\ncy.get('.color').eq(2).should('not.have.css', 'background-color', 'rgba(0, 0, 0, 0)');\ncy.get('.color').eq(2).should('have.css', 'background-color');\ncy.get('.color').eq(3).should('not.have.css', 'background-color', BLACK);\ncy.get('.color').eq(3).should('not.have.css', 'background-color', WHITE);\ncy.get('.color').eq(3).should('not.have.css', 'background-color', 'rgba(0, 0, 0, 0)');\ncy.get('.color').eq(3).should('have.css', 'background-color');",
              "err": {
                "message": "CypressError: Timed out retrying: Expected to find element: '.color', but never found it.",
                "estack": "CypressError: Timed out retrying: Expected to find element: '.color', but never found it.\n    at cypressErr (http://localhost:43437/__cypress/runner/cypress_runner.js:149934:9)\n    at throwErr (http://localhost:43437/__cypress/runner/cypress_runner.js:149867:11)\n    at Object.throwErrByPath (http://localhost:43437/__cypress/runner/cypress_runner.js:149915:3)\n    at retry (http://localhost:43437/__cypress/runner/cypress_runner.js:144197:19)\n    at onFailFn (http://localhost:43437/__cypress/runner/cypress_runner.js:132448:16)\n    at tryCatcher (http://localhost:43437/__cypress/runner/cypress_runner.js:167415:23)\n    at Promise._settlePromiseFromHandler (http://localhost:43437/__cypress/runner/cypress_runner.js:165351:31)\n    at Promise._settlePromise (http://localhost:43437/__cypress/runner/cypress_runner.js:165408:18)\n    at Promise._settlePromise0 (http://localhost:43437/__cypress/runner/cypress_runner.js:165453:10)\n    at Promise._settlePromises (http://localhost:43437/__cypress/runner/cypress_runner.js:165528:18)\n    at Async../node_modules/bluebird/js/release/async.js.Async._drainQueue (http://localhost:43437/__cypress/runner/cypress_runner.js:162140:16)\n    at Async../node_modules/bluebird/js/release/async.js.Async._drainQueues (http://localhost:43437/__cypress/runner/cypress_runner.js:162150:10)\n    at Async.drainQueues (http://localhost:43437/__cypress/runner/cypress_runner.js:162024:14)",
                "diff": null
              },
              "uuid": "17fb37d7-37db-499a-b37d-5dc0b6a0896d",
              "parentUUID": "fc0e404f-84de-466b-b6d6-0dbf1c504842",
              "isHook": false,
              "skipped": false
            }
          ],
          "suites": [],
          "passes": [],
          "failures": [
            "6e7efbef-b39e-42b4-837f-99690b70a4e6",
            "17fb37d7-37db-499a-b37d-5dc0b6a0896d"
          ],
          "pending": [],
          "skipped": [],
          "duration": 8207,
          "root": false,
          "rootEmpty": false,
          "_timeout": 2000
        },
        {
          "uuid": "c2563fca-cc24-4c03-808d-410d84e0e88d",
          "title": "4 - Adicione à página um quadro contendo 25 pixels",
          "fullFile": "",
          "file": "",
          "beforeHooks": [],
          "afterHooks": [],
          "tests": [
            {
              "title": "Verifica se o quadro de pixels possui o `id` denominado `pixel-board`",
              "fullTitle": "4 - Adicione à página um quadro contendo 25 pixels Verifica se o quadro de pixels possui o `id` denominado `pixel-board`",
              "timedOut": null,
              "duration": 4125,
              "state": "failed",
              "speed": null,
              "pass": false,
              "fail": true,
              "pending": false,
              "context": null,
              "code": "cy.get('#pixel-board').should('be.visible');",
              "err": {
                "message": "CypressError: Timed out retrying: Expected to find element: '#pixel-board', but never found it.",
                "estack": "CypressError: Timed out retrying: Expected to find element: '#pixel-board', but never found it.\n    at cypressErr (http://localhost:43437/__cypress/runner/cypress_runner.js:149934:9)\n    at throwErr (http://localhost:43437/__cypress/runner/cypress_runner.js:149867:11)\n    at Object.throwErrByPath (http://localhost:43437/__cypress/runner/cypress_runner.js:149915:3)\n    at retry (http://localhost:43437/__cypress/runner/cypress_runner.js:144197:19)\n    at onFailFn (http://localhost:43437/__cypress/runner/cypress_runner.js:132448:16)\n    at tryCatcher (http://localhost:43437/__cypress/runner/cypress_runner.js:167415:23)\n    at Promise._settlePromiseFromHandler (http://localhost:43437/__cypress/runner/cypress_runner.js:165351:31)\n    at Promise._settlePromise (http://localhost:43437/__cypress/runner/cypress_runner.js:165408:18)\n    at Promise._settlePromise0 (http://localhost:43437/__cypress/runner/cypress_runner.js:165453:10)\n    at Promise._settlePromises (http://localhost:43437/__cypress/runner/cypress_runner.js:165528:18)\n    at Async../node_modules/bluebird/js/release/async.js.Async._drainQueue (http://localhost:43437/__cypress/runner/cypress_runner.js:162140:16)\n    at Async../node_modules/bluebird/js/release/async.js.Async._drainQueues (http://localhost:43437/__cypress/runner/cypress_runner.js:162150:10)\n    at Async.drainQueues (http://localhost:43437/__cypress/runner/cypress_runner.js:162024:14)",
                "diff": null
              },
              "uuid": "cac552d0-7e07-4282-8d7e-5d9bbc7e428c",
              "parentUUID": "c2563fca-cc24-4c03-808d-410d84e0e88d",
              "isHook": false,
              "skipped": false
            },
            {
              "title": "Verifica se cada pixel individual dentro do quadro possui a `classe` denominada `pixel`.",
              "fullTitle": "4 - Adicione à página um quadro contendo 25 pixels Verifica se cada pixel individual dentro do quadro possui a `classe` denominada `pixel`.",
              "timedOut": null,
              "duration": 4109,
              "state": "failed",
              "speed": null,
              "pass": false,
              "fail": true,
              "pending": false,
              "context": null,
              "code": "cy.get('.pixel').should('have.length', 25);",
              "err": {
                "message": "CypressError: Timed out retrying: Expected to find element: '.pixel', but never found it.",
                "estack": "CypressError: Timed out retrying: Expected to find element: '.pixel', but never found it.\n    at cypressErr (http://localhost:43437/__cypress/runner/cypress_runner.js:149934:9)\n    at throwErr (http://localhost:43437/__cypress/runner/cypress_runner.js:149867:11)\n    at Object.throwErrByPath (http://localhost:43437/__cypress/runner/cypress_runner.js:149915:3)\n    at retry (http://localhost:43437/__cypress/runner/cypress_runner.js:144197:19)\n    at onFailFn (http://localhost:43437/__cypress/runner/cypress_runner.js:132448:16)\n    at tryCatcher (http://localhost:43437/__cypress/runner/cypress_runner.js:167415:23)\n    at Promise._settlePromiseFromHandler (http://localhost:43437/__cypress/runner/cypress_runner.js:165351:31)\n    at Promise._settlePromise (http://localhost:43437/__cypress/runner/cypress_runner.js:165408:18)\n    at Promise._settlePromise0 (http://localhost:43437/__cypress/runner/cypress_runner.js:165453:10)\n    at Promise._settlePromises (http://localhost:43437/__cypress/runner/cypress_runner.js:165528:18)\n    at Async../node_modules/bluebird/js/release/async.js.Async._drainQueue (http://localhost:43437/__cypress/runner/cypress_runner.js:162140:16)\n    at Async../node_modules/bluebird/js/release/async.js.Async._drainQueues (http://localhost:43437/__cypress/runner/cypress_runner.js:162150:10)\n    at Async.drainQueues (http://localhost:43437/__cypress/runner/cypress_runner.js:162024:14)",
                "diff": null
              },
              "uuid": "17daba3e-5ede-449d-8829-91fb6e5d19e5",
              "parentUUID": "c2563fca-cc24-4c03-808d-410d84e0e88d",
              "isHook": false,
              "skipped": false
            },
            {
              "title": "Verifica se a cor inicial dos pixels dentro do quadro, ao abrir a página, é branca.",
              "fullTitle": "4 - Adicione à página um quadro contendo 25 pixels Verifica se a cor inicial dos pixels dentro do quadro, ao abrir a página, é branca.",
              "timedOut": null,
              "duration": 4093,
              "state": "failed",
              "speed": null,
              "pass": false,
              "fail": true,
              "pending": false,
              "context": null,
              "code": "cy.get('.pixel').should('have.length', 25).each(function (pixel) {\n  expect(pixel).to.have.css('background-color', WHITE);\n});",
              "err": {
                "message": "CypressError: Timed out retrying: Expected to find element: '.pixel', but never found it.",
                "estack": "CypressError: Timed out retrying: Expected to find element: '.pixel', but never found it.\n    at cypressErr (http://localhost:43437/__cypress/runner/cypress_runner.js:149934:9)\n    at throwErr (http://localhost:43437/__cypress/runner/cypress_runner.js:149867:11)\n    at Object.throwErrByPath (http://localhost:43437/__cypress/runner/cypress_runner.js:149915:3)\n    at retry (http://localhost:43437/__cypress/runner/cypress_runner.js:144197:19)\n    at onFailFn (http://localhost:43437/__cypress/runner/cypress_runner.js:132448:16)\n    at tryCatcher (http://localhost:43437/__cypress/runner/cypress_runner.js:167415:23)\n    at Promise._settlePromiseFromHandler (http://localhost:43437/__cypress/runner/cypress_runner.js:165351:31)\n    at Promise._settlePromise (http://localhost:43437/__cypress/runner/cypress_runner.js:165408:18)\n    at Promise._settlePromise0 (http://localhost:43437/__cypress/runner/cypress_runner.js:165453:10)\n    at Promise._settlePromises (http://localhost:43437/__cypress/runner/cypress_runner.js:165528:18)\n    at Async../node_modules/bluebird/js/release/async.js.Async._drainQueue (http://localhost:43437/__cypress/runner/cypress_runner.js:162140:16)\n    at Async../node_modules/bluebird/js/release/async.js.Async._drainQueues (http://localhost:43437/__cypress/runner/cypress_runner.js:162150:10)\n    at Async.drainQueues (http://localhost:43437/__cypress/runner/cypress_runner.js:162024:14)",
                "diff": null
              },
              "uuid": "11ba6de6-6f78-4e56-ab23-4002867abc43",
              "parentUUID": "c2563fca-cc24-4c03-808d-410d84e0e88d",
              "isHook": false,
              "skipped": false
            },
            {
              "title": "Verifica se o quadro de pixels aparece abaixo da paleta de cores",
              "fullTitle": "4 - Adicione à página um quadro contendo 25 pixels Verifica se o quadro de pixels aparece abaixo da paleta de cores",
              "timedOut": null,
              "duration": 4096,
              "state": "failed",
              "speed": null,
              "pass": false,
              "fail": true,
              "pending": false,
              "context": null,
              "code": "cy.get('#color-palette').then(function (palette) {\n  cy.get('#pixel-board').should('be.belowOf', palette);\n});",
              "err": {
                "message": "CypressError: Timed out retrying: Expected to find element: '#color-palette', but never found it.",
                "estack": "CypressError: Timed out retrying: Expected to find element: '#color-palette', but never found it.\n    at cypressErr (http://localhost:43437/__cypress/runner/cypress_runner.js:149934:9)\n    at throwErr (http://localhost:43437/__cypress/runner/cypress_runner.js:149867:11)\n    at Object.throwErrByPath (http://localhost:43437/__cypress/runner/cypress_runner.js:149915:3)\n    at retry (http://localhost:43437/__cypress/runner/cypress_runner.js:144197:19)\n    at onFailFn (http://localhost:43437/__cypress/runner/cypress_runner.js:132448:16)\n    at tryCatcher (http://localhost:43437/__cypress/runner/cypress_runner.js:167415:23)\n    at Promise._settlePromiseFromHandler (http://localhost:43437/__cypress/runner/cypress_runner.js:165351:31)\n    at Promise._settlePromise (http://localhost:43437/__cypress/runner/cypress_runner.js:165408:18)\n    at Promise._settlePromise0 (http://localhost:43437/__cypress/runner/cypress_runner.js:165453:10)\n    at Promise._settlePromises (http://localhost:43437/__cypress/runner/cypress_runner.js:165528:18)\n    at Async../node_modules/bluebird/js/release/async.js.Async._drainQueue (http://localhost:43437/__cypress/runner/cypress_runner.js:162140:16)\n    at Async../node_modules/bluebird/js/release/async.js.Async._drainQueues (http://localhost:43437/__cypress/runner/cypress_runner.js:162150:10)\n    at Async.drainQueues (http://localhost:43437/__cypress/runner/cypress_runner.js:162024:14)",
                "diff": null
              },
              "uuid": "505aa979-617f-49e1-8e51-b500d5384502",
              "parentUUID": "c2563fca-cc24-4c03-808d-410d84e0e88d",
              "isHook": false,
              "skipped": false
            }
          ],
          "suites": [],
          "passes": [],
          "failures": [
            "cac552d0-7e07-4282-8d7e-5d9bbc7e428c",
            "17daba3e-5ede-449d-8829-91fb6e5d19e5",
            "11ba6de6-6f78-4e56-ab23-4002867abc43",
            "505aa979-617f-49e1-8e51-b500d5384502"
          ],
          "pending": [],
          "skipped": [],
          "duration": 16423,
          "root": false,
          "rootEmpty": false,
          "_timeout": 2000
        },
        {
          "uuid": "dea19545-3059-42dc-bfbc-af6769ba97bc",
          "title": "5 - Faça com que cada elemento do quadro de pixels possua 40 pixels de largura, 40 pixels de altura e seja delimitado por uma borda preta de 1 pixel",
          "fullFile": "",
          "file": "",
          "beforeHooks": [],
          "afterHooks": [],
          "tests": [
            {
              "title": "Verifica se o quadro de pixels tem altura e comprimento de 5 elementos",
              "fullTitle": "5 - Faça com que cada elemento do quadro de pixels possua 40 pixels de largura, 40 pixels de altura e seja delimitado por uma borda preta de 1 pixel Verifica se o quadro de pixels tem altura e comprimento de 5 elementos",
              "timedOut": null,
              "duration": 4178,
              "state": "failed",
              "speed": null,
              "pass": false,
              "fail": true,
              "pending": false,
              "context": null,
              "code": "cy.get('.pixel').should('have.length', 25).each(function (pixel) {\n  expect(pixel).to.have.css('background-color', WHITE);\n}).and(function (pixels) {\n  var rows = chunk(pixels, 5);\n  rows.forEach(function (row) {\n    for (var index = 1; index < row.length; index += 1) {\n      var current = pixels[index];\n      var previous = pixels[index - 1];\n      cy.wrap(current).should('be.onTheRightOf', previous).and('be.horizontallyAlignedWith', previous);\n    }\n  });\n  for (var index = 1; index < 5; index += 1) {\n    expect(pixels[index * 5]).to.be.belowOf(pixels[(index - 1) * 5]);\n  }\n});",
              "err": {
                "message": "CypressError: Timed out retrying: Expected to find element: '.pixel', but never found it.",
                "estack": "CypressError: Timed out retrying: Expected to find element: '.pixel', but never found it.\n    at cypressErr (http://localhost:43437/__cypress/runner/cypress_runner.js:149934:9)\n    at throwErr (http://localhost:43437/__cypress/runner/cypress_runner.js:149867:11)\n    at Object.throwErrByPath (http://localhost:43437/__cypress/runner/cypress_runner.js:149915:3)\n    at retry (http://localhost:43437/__cypress/runner/cypress_runner.js:144197:19)\n    at onFailFn (http://localhost:43437/__cypress/runner/cypress_runner.js:132448:16)\n    at tryCatcher (http://localhost:43437/__cypress/runner/cypress_runner.js:167415:23)\n    at Promise._settlePromiseFromHandler (http://localhost:43437/__cypress/runner/cypress_runner.js:165351:31)\n    at Promise._settlePromise (http://localhost:43437/__cypress/runner/cypress_runner.js:165408:18)\n    at Promise._settlePromise0 (http://localhost:43437/__cypress/runner/cypress_runner.js:165453:10)\n    at Promise._settlePromises (http://localhost:43437/__cypress/runner/cypress_runner.js:165528:18)\n    at Async../node_modules/bluebird/js/release/async.js.Async._drainQueue (http://localhost:43437/__cypress/runner/cypress_runner.js:162140:16)\n    at Async../node_modules/bluebird/js/release/async.js.Async._drainQueues (http://localhost:43437/__cypress/runner/cypress_runner.js:162150:10)\n    at Async.drainQueues (http://localhost:43437/__cypress/runner/cypress_runner.js:162024:14)",
                "diff": null
              },
              "uuid": "45256e50-4bde-4631-b8a5-607a46fbd5f8",
              "parentUUID": "dea19545-3059-42dc-bfbc-af6769ba97bc",
              "isHook": false,
              "skipped": false
            },
            {
              "title": "Verifica se 40 pixels é o tamanho total do elemento, incluindo seu conteúdo e excluindo a borda preta, que deve ser criada à parte.",
              "fullTitle": "5 - Faça com que cada elemento do quadro de pixels possua 40 pixels de largura, 40 pixels de altura e seja delimitado por uma borda preta de 1 pixel Verifica se 40 pixels é o tamanho total do elemento, incluindo seu conteúdo e excluindo a borda preta, que deve ser criada à parte.",
              "timedOut": null,
              "duration": 4091,
              "state": "failed",
              "speed": null,
              "pass": false,
              "fail": true,
              "pending": false,
              "context": null,
              "code": "cy.get('.pixel').each(function (pixel) {\n  cy.wrap(pixel).should('have.css', 'height', '40px').and('have.css', 'width', '40px').and('have.css', 'border', \"1px solid \".concat(BLACK));\n});",
              "err": {
                "message": "CypressError: Timed out retrying: Expected to find element: '.pixel', but never found it.",
                "estack": "CypressError: Timed out retrying: Expected to find element: '.pixel', but never found it.\n    at cypressErr (http://localhost:43437/__cypress/runner/cypress_runner.js:149934:9)\n    at throwErr (http://localhost:43437/__cypress/runner/cypress_runner.js:149867:11)\n    at Object.throwErrByPath (http://localhost:43437/__cypress/runner/cypress_runner.js:149915:3)\n    at retry (http://localhost:43437/__cypress/runner/cypress_runner.js:144197:19)\n    at onFailFn (http://localhost:43437/__cypress/runner/cypress_runner.js:132448:16)\n    at tryCatcher (http://localhost:43437/__cypress/runner/cypress_runner.js:167415:23)\n    at Promise._settlePromiseFromHandler (http://localhost:43437/__cypress/runner/cypress_runner.js:165351:31)\n    at Promise._settlePromise (http://localhost:43437/__cypress/runner/cypress_runner.js:165408:18)\n    at Promise._settlePromise0 (http://localhost:43437/__cypress/runner/cypress_runner.js:165453:10)\n    at Promise._settlePromises (http://localhost:43437/__cypress/runner/cypress_runner.js:165528:18)\n    at Async../node_modules/bluebird/js/release/async.js.Async._drainQueue (http://localhost:43437/__cypress/runner/cypress_runner.js:162140:16)\n    at Async../node_modules/bluebird/js/release/async.js.Async._drainQueues (http://localhost:43437/__cypress/runner/cypress_runner.js:162150:10)\n    at Async.drainQueues (http://localhost:43437/__cypress/runner/cypress_runner.js:162024:14)",
                "diff": null
              },
              "uuid": "a586f3ba-59a7-4e5d-a2bc-1af55edd0ce1",
              "parentUUID": "dea19545-3059-42dc-bfbc-af6769ba97bc",
              "isHook": false,
              "skipped": false
            }
          ],
          "suites": [],
          "passes": [],
          "failures": [
            "45256e50-4bde-4631-b8a5-607a46fbd5f8",
            "a586f3ba-59a7-4e5d-a2bc-1af55edd0ce1"
          ],
          "pending": [],
          "skipped": [],
          "duration": 8269,
          "root": false,
          "rootEmpty": false,
          "_timeout": 2000
        },
        {
          "uuid": "f3c40838-fa81-4289-bb72-176e54fd5b0a",
          "title": "6 - Defina a cor preta como cor inicial da paleta de cores. Ao carregar a página a cor preta já deve estar selecionada para pintar os pixels",
          "fullFile": "",
          "file": "",
          "beforeHooks": [],
          "afterHooks": [],
          "tests": [
            {
              "title": "Verifica se o elemento da cor preta possui, inicialmente, a `classe` `selected`",
              "fullTitle": "6 - Defina a cor preta como cor inicial da paleta de cores. Ao carregar a página a cor preta já deve estar selecionada para pintar os pixels Verifica se o elemento da cor preta possui, inicialmente, a `classe` `selected`",
              "timedOut": null,
              "duration": 4109,
              "state": "failed",
              "speed": null,
              "pass": false,
              "fail": true,
              "pending": false,
              "context": null,
              "code": "cy.get('.selected').first().should('have.css', 'background-color', BLACK);",
              "err": {
                "message": "CypressError: Timed out retrying: Expected to find element: '.selected', but never found it.",
                "estack": "CypressError: Timed out retrying: Expected to find element: '.selected', but never found it.\n    at cypressErr (http://localhost:43437/__cypress/runner/cypress_runner.js:149934:9)\n    at throwErr (http://localhost:43437/__cypress/runner/cypress_runner.js:149867:11)\n    at Object.throwErrByPath (http://localhost:43437/__cypress/runner/cypress_runner.js:149915:3)\n    at retry (http://localhost:43437/__cypress/runner/cypress_runner.js:144197:19)\n    at onFailFn (http://localhost:43437/__cypress/runner/cypress_runner.js:132448:16)\n    at tryCatcher (http://localhost:43437/__cypress/runner/cypress_runner.js:167415:23)\n    at Promise._settlePromiseFromHandler (http://localhost:43437/__cypress/runner/cypress_runner.js:165351:31)\n    at Promise._settlePromise (http://localhost:43437/__cypress/runner/cypress_runner.js:165408:18)\n    at Promise._settlePromise0 (http://localhost:43437/__cypress/runner/cypress_runner.js:165453:10)\n    at Promise._settlePromises (http://localhost:43437/__cypress/runner/cypress_runner.js:165528:18)\n    at Async../node_modules/bluebird/js/release/async.js.Async._drainQueue (http://localhost:43437/__cypress/runner/cypress_runner.js:162140:16)\n    at Async../node_modules/bluebird/js/release/async.js.Async._drainQueues (http://localhost:43437/__cypress/runner/cypress_runner.js:162150:10)\n    at Async.drainQueues (http://localhost:43437/__cypress/runner/cypress_runner.js:162024:14)",
                "diff": null
              },
              "uuid": "cf63d668-80c2-4f87-8dfc-2f76a7050b35",
              "parentUUID": "f3c40838-fa81-4289-bb72-176e54fd5b0a",
              "isHook": false,
              "skipped": false
            },
            {
              "title": "Verifica se nenhuma outra cor da paleta tem a `classe` `selected`",
              "fullTitle": "6 - Defina a cor preta como cor inicial da paleta de cores. Ao carregar a página a cor preta já deve estar selecionada para pintar os pixels Verifica se nenhuma outra cor da paleta tem a `classe` `selected`",
              "timedOut": null,
              "duration": 4092,
              "state": "failed",
              "speed": null,
              "pass": false,
              "fail": true,
              "pending": false,
              "context": null,
              "code": "cy.get('.color:not(:first-child)').each(function (color) {\n  cy.wrap(color).should('not.have.class', 'selected');\n});",
              "err": {
                "message": "CypressError: Timed out retrying: Expected to find element: '.color:not(:first-child)', but never found it.",
                "estack": "CypressError: Timed out retrying: Expected to find element: '.color:not(:first-child)', but never found it.\n    at cypressErr (http://localhost:43437/__cypress/runner/cypress_runner.js:149934:9)\n    at throwErr (http://localhost:43437/__cypress/runner/cypress_runner.js:149867:11)\n    at Object.throwErrByPath (http://localhost:43437/__cypress/runner/cypress_runner.js:149915:3)\n    at retry (http://localhost:43437/__cypress/runner/cypress_runner.js:144197:19)\n    at onFailFn (http://localhost:43437/__cypress/runner/cypress_runner.js:132448:16)\n    at tryCatcher (http://localhost:43437/__cypress/runner/cypress_runner.js:167415:23)\n    at Promise._settlePromiseFromHandler (http://localhost:43437/__cypress/runner/cypress_runner.js:165351:31)\n    at Promise._settlePromise (http://localhost:43437/__cypress/runner/cypress_runner.js:165408:18)\n    at Promise._settlePromise0 (http://localhost:43437/__cypress/runner/cypress_runner.js:165453:10)\n    at Promise._settlePromises (http://localhost:43437/__cypress/runner/cypress_runner.js:165528:18)\n    at Async../node_modules/bluebird/js/release/async.js.Async._drainQueue (http://localhost:43437/__cypress/runner/cypress_runner.js:162140:16)\n    at Async../node_modules/bluebird/js/release/async.js.Async._drainQueues (http://localhost:43437/__cypress/runner/cypress_runner.js:162150:10)\n    at Async.drainQueues (http://localhost:43437/__cypress/runner/cypress_runner.js:162024:14)",
                "diff": null
              },
              "uuid": "9d531d0b-785a-49dd-be0b-e4f0af3e9ab2",
              "parentUUID": "f3c40838-fa81-4289-bb72-176e54fd5b0a",
              "isHook": false,
              "skipped": false
            }
          ],
          "suites": [],
          "passes": [],
          "failures": [
            "cf63d668-80c2-4f87-8dfc-2f76a7050b35",
            "9d531d0b-785a-49dd-be0b-e4f0af3e9ab2"
          ],
          "pending": [],
          "skipped": [],
          "duration": 8201,
          "root": false,
          "rootEmpty": false,
          "_timeout": 2000
        },
        {
          "uuid": "1ddc733a-f490-4c5f-a1cf-87c4db13a330",
          "title": "7 - Crie uma função para selecionar uma cor na paleta de cores e preencher os pixels no quadro",
          "fullFile": "",
          "file": "",
          "beforeHooks": [],
          "afterHooks": [],
          "tests": [
            {
              "title": "Verifica se somente uma cor da paleta de cores tem a classe `selected` de cada vez",
              "fullTitle": "7 - Crie uma função para selecionar uma cor na paleta de cores e preencher os pixels no quadro Verifica se somente uma cor da paleta de cores tem a classe `selected` de cada vez",
              "timedOut": null,
              "duration": 4109,
              "state": "failed",
              "speed": null,
              "pass": false,
              "fail": true,
              "pending": false,
              "context": null,
              "code": "cy.get('.color').each(function (selectedColor, selectedColorIndex) {\n  cy.wrap(selectedColor).click();\n  cy.get('.color').each(function (color, colorIndex) {\n    if (colorIndex === selectedColorIndex) {\n      expect(color).to.have[\"class\"]('selected');\n    } else {\n      expect(color).not.to.have[\"class\"]('selected');\n    }\n  });\n});",
              "err": {
                "message": "CypressError: Timed out retrying: Expected to find element: '.color', but never found it.",
                "estack": "CypressError: Timed out retrying: Expected to find element: '.color', but never found it.\n    at cypressErr (http://localhost:43437/__cypress/runner/cypress_runner.js:149934:9)\n    at throwErr (http://localhost:43437/__cypress/runner/cypress_runner.js:149867:11)\n    at Object.throwErrByPath (http://localhost:43437/__cypress/runner/cypress_runner.js:149915:3)\n    at retry (http://localhost:43437/__cypress/runner/cypress_runner.js:144197:19)\n    at onFailFn (http://localhost:43437/__cypress/runner/cypress_runner.js:132448:16)\n    at tryCatcher (http://localhost:43437/__cypress/runner/cypress_runner.js:167415:23)\n    at Promise._settlePromiseFromHandler (http://localhost:43437/__cypress/runner/cypress_runner.js:165351:31)\n    at Promise._settlePromise (http://localhost:43437/__cypress/runner/cypress_runner.js:165408:18)\n    at Promise._settlePromise0 (http://localhost:43437/__cypress/runner/cypress_runner.js:165453:10)\n    at Promise._settlePromises (http://localhost:43437/__cypress/runner/cypress_runner.js:165528:18)\n    at Async../node_modules/bluebird/js/release/async.js.Async._drainQueue (http://localhost:43437/__cypress/runner/cypress_runner.js:162140:16)\n    at Async../node_modules/bluebird/js/release/async.js.Async._drainQueues (http://localhost:43437/__cypress/runner/cypress_runner.js:162150:10)\n    at Async.drainQueues (http://localhost:43437/__cypress/runner/cypress_runner.js:162024:14)",
                "diff": null
              },
              "uuid": "d280dd6f-8bfb-4370-b367-862975ccba7f",
              "parentUUID": "1ddc733a-f490-4c5f-a1cf-87c4db13a330",
              "isHook": false,
              "skipped": false
            },
            {
              "title": "Verifica se os pixels dentro do quadro não têm a classe `selected` quando são clicados",
              "fullTitle": "7 - Crie uma função para selecionar uma cor na paleta de cores e preencher os pixels no quadro Verifica se os pixels dentro do quadro não têm a classe `selected` quando são clicados",
              "timedOut": null,
              "duration": 4093,
              "state": "failed",
              "speed": null,
              "pass": false,
              "fail": true,
              "pending": false,
              "context": null,
              "code": "cy.get('.color').each(function (color) {\n  var backgroundColor = color.css('background-color');\n  cy.wrap(color).click();\n  cy.get('.pixel').each(function (pixel) {\n    cy.wrap(pixel).click().should('not.have.class', 'selected');\n  });\n});",
              "err": {
                "message": "CypressError: Timed out retrying: Expected to find element: '.color', but never found it.",
                "estack": "CypressError: Timed out retrying: Expected to find element: '.color', but never found it.\n    at cypressErr (http://localhost:43437/__cypress/runner/cypress_runner.js:149934:9)\n    at throwErr (http://localhost:43437/__cypress/runner/cypress_runner.js:149867:11)\n    at Object.throwErrByPath (http://localhost:43437/__cypress/runner/cypress_runner.js:149915:3)\n    at retry (http://localhost:43437/__cypress/runner/cypress_runner.js:144197:19)\n    at onFailFn (http://localhost:43437/__cypress/runner/cypress_runner.js:132448:16)\n    at tryCatcher (http://localhost:43437/__cypress/runner/cypress_runner.js:167415:23)\n    at Promise._settlePromiseFromHandler (http://localhost:43437/__cypress/runner/cypress_runner.js:165351:31)\n    at Promise._settlePromise (http://localhost:43437/__cypress/runner/cypress_runner.js:165408:18)\n    at Promise._settlePromise0 (http://localhost:43437/__cypress/runner/cypress_runner.js:165453:10)\n    at Promise._settlePromises (http://localhost:43437/__cypress/runner/cypress_runner.js:165528:18)\n    at Async../node_modules/bluebird/js/release/async.js.Async._drainQueue (http://localhost:43437/__cypress/runner/cypress_runner.js:162140:16)\n    at Async../node_modules/bluebird/js/release/async.js.Async._drainQueues (http://localhost:43437/__cypress/runner/cypress_runner.js:162150:10)\n    at Async.drainQueues (http://localhost:43437/__cypress/runner/cypress_runner.js:162024:14)",
                "diff": null
              },
              "uuid": "e3c19e2a-5b98-445a-9408-a6b7006636c1",
              "parentUUID": "1ddc733a-f490-4c5f-a1cf-87c4db13a330",
              "isHook": false,
              "skipped": false
            }
          ],
          "suites": [],
          "passes": [],
          "failures": [
            "d280dd6f-8bfb-4370-b367-862975ccba7f",
            "e3c19e2a-5b98-445a-9408-a6b7006636c1"
          ],
          "pending": [],
          "skipped": [],
          "duration": 8202,
          "root": false,
          "rootEmpty": false,
          "_timeout": 2000
        },
        {
          "uuid": "60589e5f-a9e6-4716-9c81-30535d64911f",
          "title": "8 - Crie uma função que permita preencher um pixel do quadro com a cor selecionada na paleta de cores",
          "fullFile": "",
          "file": "",
          "beforeHooks": [],
          "afterHooks": [],
          "tests": [
            {
              "title": "Verifica se ao carregar a página deve ser possível pintar os pixels de preto",
              "fullTitle": "8 - Crie uma função que permita preencher um pixel do quadro com a cor selecionada na paleta de cores Verifica se ao carregar a página deve ser possível pintar os pixels de preto",
              "timedOut": null,
              "duration": 4110,
              "state": "failed",
              "speed": null,
              "pass": false,
              "fail": true,
              "pending": false,
              "context": null,
              "code": "cy.get('.pixel').each(function (pixel) {\n  cy.wrap(pixel).click().should('have.css', 'background-color', BLACK);\n});",
              "err": {
                "message": "CypressError: Timed out retrying: Expected to find element: '.pixel', but never found it.",
                "estack": "CypressError: Timed out retrying: Expected to find element: '.pixel', but never found it.\n    at cypressErr (http://localhost:43437/__cypress/runner/cypress_runner.js:149934:9)\n    at throwErr (http://localhost:43437/__cypress/runner/cypress_runner.js:149867:11)\n    at Object.throwErrByPath (http://localhost:43437/__cypress/runner/cypress_runner.js:149915:3)\n    at retry (http://localhost:43437/__cypress/runner/cypress_runner.js:144197:19)\n    at onFailFn (http://localhost:43437/__cypress/runner/cypress_runner.js:132448:16)\n    at tryCatcher (http://localhost:43437/__cypress/runner/cypress_runner.js:167415:23)\n    at Promise._settlePromiseFromHandler (http://localhost:43437/__cypress/runner/cypress_runner.js:165351:31)\n    at Promise._settlePromise (http://localhost:43437/__cypress/runner/cypress_runner.js:165408:18)\n    at Promise._settlePromise0 (http://localhost:43437/__cypress/runner/cypress_runner.js:165453:10)\n    at Promise._settlePromises (http://localhost:43437/__cypress/runner/cypress_runner.js:165528:18)\n    at Async../node_modules/bluebird/js/release/async.js.Async._drainQueue (http://localhost:43437/__cypress/runner/cypress_runner.js:162140:16)\n    at Async../node_modules/bluebird/js/release/async.js.Async._drainQueues (http://localhost:43437/__cypress/runner/cypress_runner.js:162150:10)\n    at Async.drainQueues (http://localhost:43437/__cypress/runner/cypress_runner.js:162024:14)",
                "diff": null
              },
              "uuid": "15a7358f-0de1-42ce-aa24-eb2bf2b5bb95",
              "parentUUID": "60589e5f-a9e6-4716-9c81-30535d64911f",
              "isHook": false,
              "skipped": false
            },
            {
              "title": "Verifica se após selecionar uma outra cor na paleta, é possível pintar os pixels com essa cor",
              "fullTitle": "8 - Crie uma função que permita preencher um pixel do quadro com a cor selecionada na paleta de cores Verifica se após selecionar uma outra cor na paleta, é possível pintar os pixels com essa cor",
              "timedOut": null,
              "duration": 4094,
              "state": "failed",
              "speed": null,
              "pass": false,
              "fail": true,
              "pending": false,
              "context": null,
              "code": "cy.get('.color').each(function (color) {\n  var backgroundColor = color.css('background-color');\n  cy.wrap(color).click();\n  cy.get('.pixel').each(function (pixel) {\n    cy.wrap(pixel).click().should('have.css', 'background-color', backgroundColor);\n  });\n});",
              "err": {
                "message": "CypressError: Timed out retrying: Expected to find element: '.color', but never found it.",
                "estack": "CypressError: Timed out retrying: Expected to find element: '.color', but never found it.\n    at cypressErr (http://localhost:43437/__cypress/runner/cypress_runner.js:149934:9)\n    at throwErr (http://localhost:43437/__cypress/runner/cypress_runner.js:149867:11)\n    at Object.throwErrByPath (http://localhost:43437/__cypress/runner/cypress_runner.js:149915:3)\n    at retry (http://localhost:43437/__cypress/runner/cypress_runner.js:144197:19)\n    at onFailFn (http://localhost:43437/__cypress/runner/cypress_runner.js:132448:16)\n    at tryCatcher (http://localhost:43437/__cypress/runner/cypress_runner.js:167415:23)\n    at Promise._settlePromiseFromHandler (http://localhost:43437/__cypress/runner/cypress_runner.js:165351:31)\n    at Promise._settlePromise (http://localhost:43437/__cypress/runner/cypress_runner.js:165408:18)\n    at Promise._settlePromise0 (http://localhost:43437/__cypress/runner/cypress_runner.js:165453:10)\n    at Promise._settlePromises (http://localhost:43437/__cypress/runner/cypress_runner.js:165528:18)\n    at Async../node_modules/bluebird/js/release/async.js.Async._drainQueue (http://localhost:43437/__cypress/runner/cypress_runner.js:162140:16)\n    at Async../node_modules/bluebird/js/release/async.js.Async._drainQueues (http://localhost:43437/__cypress/runner/cypress_runner.js:162150:10)\n    at Async.drainQueues (http://localhost:43437/__cypress/runner/cypress_runner.js:162024:14)",
                "diff": null
              },
              "uuid": "2c658cf3-8206-426e-8c8e-7602bf52588b",
              "parentUUID": "60589e5f-a9e6-4716-9c81-30535d64911f",
              "isHook": false,
              "skipped": false
            },
            {
              "title": "Verifica se somente o pixel que foi clicado foi preenchido com a cor selecionada, sem influenciar na cor dos demais pixels.",
              "fullTitle": "8 - Crie uma função que permita preencher um pixel do quadro com a cor selecionada na paleta de cores Verifica se somente o pixel que foi clicado foi preenchido com a cor selecionada, sem influenciar na cor dos demais pixels.",
              "timedOut": null,
              "duration": 4094,
              "state": "failed",
              "speed": null,
              "pass": false,
              "fail": true,
              "pending": false,
              "context": null,
              "code": "var colorToPixelIndexMap = {\n  0: 6,\n  1: 8,\n  2: 16,\n  3: 18\n};\ncy.get('.color').each(function (color, index) {\n  cy.wrap(color).click();\n  var backgroundColor = color.css('background-color');\n  var clickedPixelIndex = colorToPixelIndexMap[index];\n  cy.get('.pixel').eq(clickedPixelIndex).click();\n  cy.get('.pixel').eq(clickedPixelIndex - 1).should('not.have.css', 'background-color', backgroundColor);\n  cy.get('.pixel').eq(clickedPixelIndex + 1).should('not.have.css', 'background-color', backgroundColor);\n  cy.get('.pixel').eq(clickedPixelIndex - 5).should('not.have.css', 'background-color', backgroundColor);\n  cy.get('.pixel').eq(clickedPixelIndex + 5).should('not.have.css', 'background-color', backgroundColor);\n  cy.get('.pixel').eq(clickedPixelIndex - 6).should('not.have.css', 'background-color', backgroundColor);\n  cy.get('.pixel').eq(clickedPixelIndex - 4).should('not.have.css', 'background-color', backgroundColor);\n  cy.get('.pixel').eq(clickedPixelIndex + 4).should('not.have.css', 'background-color', backgroundColor);\n  cy.get('.pixel').eq(clickedPixelIndex + 6).should('not.have.css', 'background-color', backgroundColor);\n});",
              "err": {
                "message": "CypressError: Timed out retrying: Expected to find element: '.color', but never found it.",
                "estack": "CypressError: Timed out retrying: Expected to find element: '.color', but never found it.\n    at cypressErr (http://localhost:43437/__cypress/runner/cypress_runner.js:149934:9)\n    at throwErr (http://localhost:43437/__cypress/runner/cypress_runner.js:149867:11)\n    at Object.throwErrByPath (http://localhost:43437/__cypress/runner/cypress_runner.js:149915:3)\n    at retry (http://localhost:43437/__cypress/runner/cypress_runner.js:144197:19)\n    at onFailFn (http://localhost:43437/__cypress/runner/cypress_runner.js:132448:16)\n    at tryCatcher (http://localhost:43437/__cypress/runner/cypress_runner.js:167415:23)\n    at Promise._settlePromiseFromHandler (http://localhost:43437/__cypress/runner/cypress_runner.js:165351:31)\n    at Promise._settlePromise (http://localhost:43437/__cypress/runner/cypress_runner.js:165408:18)\n    at Promise._settlePromise0 (http://localhost:43437/__cypress/runner/cypress_runner.js:165453:10)\n    at Promise._settlePromises (http://localhost:43437/__cypress/runner/cypress_runner.js:165528:18)\n    at Async../node_modules/bluebird/js/release/async.js.Async._drainQueue (http://localhost:43437/__cypress/runner/cypress_runner.js:162140:16)\n    at Async../node_modules/bluebird/js/release/async.js.Async._drainQueues (http://localhost:43437/__cypress/runner/cypress_runner.js:162150:10)\n    at Async.drainQueues (http://localhost:43437/__cypress/runner/cypress_runner.js:162024:14)",
                "diff": null
              },
              "uuid": "de2a0b2e-a660-401a-b54a-efca70631b20",
              "parentUUID": "60589e5f-a9e6-4716-9c81-30535d64911f",
              "isHook": false,
              "skipped": false
            }
          ],
          "suites": [],
          "passes": [],
          "failures": [
            "15a7358f-0de1-42ce-aa24-eb2bf2b5bb95",
            "2c658cf3-8206-426e-8c8e-7602bf52588b",
            "de2a0b2e-a660-401a-b54a-efca70631b20"
          ],
          "pending": [],
          "skipped": [],
          "duration": 12298,
          "root": false,
          "rootEmpty": false,
          "_timeout": 2000
        },
        {
          "uuid": "3e96a18b-ecf7-4029-b6f4-cae0e3269cd7",
          "title": "9 - Crie um botão que, ao ser clicado, limpa o quadro preenchendo a cor de todos seus pixels com branco",
          "fullFile": "",
          "file": "",
          "beforeHooks": [],
          "afterHooks": [],
          "tests": [
            {
              "title": "Verifica se o botão tem o `id` denominado `clear-board`",
              "fullTitle": "9 - Crie um botão que, ao ser clicado, limpa o quadro preenchendo a cor de todos seus pixels com branco Verifica se o botão tem o `id` denominado `clear-board`",
              "timedOut": null,
              "duration": 4104,
              "state": "failed",
              "speed": null,
              "pass": false,
              "fail": true,
              "pending": false,
              "context": null,
              "code": "cy.get('#clear-board').should('be.visible');",
              "err": {
                "message": "CypressError: Timed out retrying: Expected to find element: '#clear-board', but never found it.",
                "estack": "CypressError: Timed out retrying: Expected to find element: '#clear-board', but never found it.\n    at cypressErr (http://localhost:43437/__cypress/runner/cypress_runner.js:149934:9)\n    at throwErr (http://localhost:43437/__cypress/runner/cypress_runner.js:149867:11)\n    at Object.throwErrByPath (http://localhost:43437/__cypress/runner/cypress_runner.js:149915:3)\n    at retry (http://localhost:43437/__cypress/runner/cypress_runner.js:144197:19)\n    at onFailFn (http://localhost:43437/__cypress/runner/cypress_runner.js:132448:16)\n    at tryCatcher (http://localhost:43437/__cypress/runner/cypress_runner.js:167415:23)\n    at Promise._settlePromiseFromHandler (http://localhost:43437/__cypress/runner/cypress_runner.js:165351:31)\n    at Promise._settlePromise (http://localhost:43437/__cypress/runner/cypress_runner.js:165408:18)\n    at Promise._settlePromise0 (http://localhost:43437/__cypress/runner/cypress_runner.js:165453:10)\n    at Promise._settlePromises (http://localhost:43437/__cypress/runner/cypress_runner.js:165528:18)\n    at Async../node_modules/bluebird/js/release/async.js.Async._drainQueue (http://localhost:43437/__cypress/runner/cypress_runner.js:162140:16)\n    at Async../node_modules/bluebird/js/release/async.js.Async._drainQueues (http://localhost:43437/__cypress/runner/cypress_runner.js:162150:10)\n    at Async.drainQueues (http://localhost:43437/__cypress/runner/cypress_runner.js:162024:14)",
                "diff": null
              },
              "uuid": "4aa4ebac-cc77-4bb1-8f15-7007474b8874",
              "parentUUID": "3e96a18b-ecf7-4029-b6f4-cae0e3269cd7",
              "isHook": false,
              "skipped": false
            },
            {
              "title": "Verifica se o botão está posicionado entre a paleta de cores e o quadro de pixels",
              "fullTitle": "9 - Crie um botão que, ao ser clicado, limpa o quadro preenchendo a cor de todos seus pixels com branco Verifica se o botão está posicionado entre a paleta de cores e o quadro de pixels",
              "timedOut": null,
              "duration": 4125,
              "state": "failed",
              "speed": null,
              "pass": false,
              "fail": true,
              "pending": false,
              "context": null,
              "code": "cy.get('#color-palette').then(function (palette) {\n  cy.get('#clear-board').should('be.belowOf', palette);\n});\ncy.get('#clear-board').then(function (clearBtn) {\n  cy.get('#pixel-board').should('be.belowOf', clearBtn);\n});",
              "err": {
                "message": "CypressError: Timed out retrying: Expected to find element: '#color-palette', but never found it.",
                "estack": "CypressError: Timed out retrying: Expected to find element: '#color-palette', but never found it.\n    at cypressErr (http://localhost:43437/__cypress/runner/cypress_runner.js:149934:9)\n    at throwErr (http://localhost:43437/__cypress/runner/cypress_runner.js:149867:11)\n    at Object.throwErrByPath (http://localhost:43437/__cypress/runner/cypress_runner.js:149915:3)\n    at retry (http://localhost:43437/__cypress/runner/cypress_runner.js:144197:19)\n    at onFailFn (http://localhost:43437/__cypress/runner/cypress_runner.js:132448:16)\n    at tryCatcher (http://localhost:43437/__cypress/runner/cypress_runner.js:167415:23)\n    at Promise._settlePromiseFromHandler (http://localhost:43437/__cypress/runner/cypress_runner.js:165351:31)\n    at Promise._settlePromise (http://localhost:43437/__cypress/runner/cypress_runner.js:165408:18)\n    at Promise._settlePromise0 (http://localhost:43437/__cypress/runner/cypress_runner.js:165453:10)\n    at Promise._settlePromises (http://localhost:43437/__cypress/runner/cypress_runner.js:165528:18)\n    at Async../node_modules/bluebird/js/release/async.js.Async._drainQueue (http://localhost:43437/__cypress/runner/cypress_runner.js:162140:16)\n    at Async../node_modules/bluebird/js/release/async.js.Async._drainQueues (http://localhost:43437/__cypress/runner/cypress_runner.js:162150:10)\n    at Async.drainQueues (http://localhost:43437/__cypress/runner/cypress_runner.js:162024:14)",
                "diff": null
              },
              "uuid": "02bfeb4c-658c-4e55-b013-0b68b8310a6e",
              "parentUUID": "3e96a18b-ecf7-4029-b6f4-cae0e3269cd7",
              "isHook": false,
              "skipped": false
            },
            {
              "title": "Verifica se o texto do botão é 'Limpar'",
              "fullTitle": "9 - Crie um botão que, ao ser clicado, limpa o quadro preenchendo a cor de todos seus pixels com branco Verifica se o texto do botão é 'Limpar'",
              "timedOut": null,
              "duration": 4125,
              "state": "failed",
              "speed": null,
              "pass": false,
              "fail": true,
              "pending": false,
              "context": null,
              "code": "cy.get('#clear-board').should('contain.text', 'Limpar');",
              "err": {
                "message": "CypressError: Timed out retrying: Expected to find element: '#clear-board', but never found it.",
                "estack": "CypressError: Timed out retrying: Expected to find element: '#clear-board', but never found it.\n    at cypressErr (http://localhost:43437/__cypress/runner/cypress_runner.js:149934:9)\n    at throwErr (http://localhost:43437/__cypress/runner/cypress_runner.js:149867:11)\n    at Object.throwErrByPath (http://localhost:43437/__cypress/runner/cypress_runner.js:149915:3)\n    at retry (http://localhost:43437/__cypress/runner/cypress_runner.js:144197:19)\n    at onFailFn (http://localhost:43437/__cypress/runner/cypress_runner.js:132448:16)\n    at tryCatcher (http://localhost:43437/__cypress/runner/cypress_runner.js:167415:23)\n    at Promise._settlePromiseFromHandler (http://localhost:43437/__cypress/runner/cypress_runner.js:165351:31)\n    at Promise._settlePromise (http://localhost:43437/__cypress/runner/cypress_runner.js:165408:18)\n    at Promise._settlePromise0 (http://localhost:43437/__cypress/runner/cypress_runner.js:165453:10)\n    at Promise._settlePromises (http://localhost:43437/__cypress/runner/cypress_runner.js:165528:18)\n    at Async../node_modules/bluebird/js/release/async.js.Async._drainQueue (http://localhost:43437/__cypress/runner/cypress_runner.js:162140:16)\n    at Async../node_modules/bluebird/js/release/async.js.Async._drainQueues (http://localhost:43437/__cypress/runner/cypress_runner.js:162150:10)\n    at Async.drainQueues (http://localhost:43437/__cypress/runner/cypress_runner.js:162024:14)",
                "diff": null
              },
              "uuid": "5bdaffc8-7181-4f13-9866-333eddc4c982",
              "parentUUID": "3e96a18b-ecf7-4029-b6f4-cae0e3269cd7",
              "isHook": false,
              "skipped": false
            },
            {
              "title": "Verifica se ao clicar no botão, o quadro de pixels é totalmente preenchido de branco",
              "fullTitle": "9 - Crie um botão que, ao ser clicado, limpa o quadro preenchendo a cor de todos seus pixels com branco Verifica se ao clicar no botão, o quadro de pixels é totalmente preenchido de branco",
              "timedOut": null,
              "duration": 4092,
              "state": "failed",
              "speed": null,
              "pass": false,
              "fail": true,
              "pending": false,
              "context": null,
              "code": "cy.get('.color').eq(1).then(function (color) {\n  var backgroundColor = color.css('background-color');\n  cy.wrap(color).click();\n  cy.get('.pixel').each(function (pixel) {\n    cy.wrap(pixel).click().should('have.css', 'background-color', backgroundColor);\n  });\n});\ncy.get('#clear-board').click();\ncy.get('.pixel').each(function (pixel) {\n  cy.wrap(pixel).should('have.css', 'background-color', WHITE);\n});",
              "err": {
                "message": "CypressError: Timed out retrying: Expected to find element: '.color', but never found it.",
                "estack": "CypressError: Timed out retrying: Expected to find element: '.color', but never found it.\n    at cypressErr (http://localhost:43437/__cypress/runner/cypress_runner.js:149934:9)\n    at throwErr (http://localhost:43437/__cypress/runner/cypress_runner.js:149867:11)\n    at Object.throwErrByPath (http://localhost:43437/__cypress/runner/cypress_runner.js:149915:3)\n    at retry (http://localhost:43437/__cypress/runner/cypress_runner.js:144197:19)\n    at onFailFn (http://localhost:43437/__cypress/runner/cypress_runner.js:132448:16)\n    at tryCatcher (http://localhost:43437/__cypress/runner/cypress_runner.js:167415:23)\n    at Promise._settlePromiseFromHandler (http://localhost:43437/__cypress/runner/cypress_runner.js:165351:31)\n    at Promise._settlePromise (http://localhost:43437/__cypress/runner/cypress_runner.js:165408:18)\n    at Promise._settlePromise0 (http://localhost:43437/__cypress/runner/cypress_runner.js:165453:10)\n    at Promise._settlePromises (http://localhost:43437/__cypress/runner/cypress_runner.js:165528:18)\n    at Async../node_modules/bluebird/js/release/async.js.Async._drainQueue (http://localhost:43437/__cypress/runner/cypress_runner.js:162140:16)\n    at Async../node_modules/bluebird/js/release/async.js.Async._drainQueues (http://localhost:43437/__cypress/runner/cypress_runner.js:162150:10)\n    at Async.drainQueues (http://localhost:43437/__cypress/runner/cypress_runner.js:162024:14)",
                "diff": null
              },
              "uuid": "4e9ae7d6-bf71-442f-9759-3a99156e80e6",
              "parentUUID": "3e96a18b-ecf7-4029-b6f4-cae0e3269cd7",
              "isHook": false,
              "skipped": false
            }
          ],
          "suites": [],
          "passes": [],
          "failures": [
            "4aa4ebac-cc77-4bb1-8f15-7007474b8874",
            "02bfeb4c-658c-4e55-b013-0b68b8310a6e",
            "5bdaffc8-7181-4f13-9866-333eddc4c982",
            "4e9ae7d6-bf71-442f-9759-3a99156e80e6"
          ],
          "pending": [],
          "skipped": [],
          "duration": 16446,
          "root": false,
          "rootEmpty": false,
          "_timeout": 2000
        },
        {
          "uuid": "0c21afcb-09da-4786-ad42-b425c41bcd53",
          "title": "10 - Crie um input que permita à pessoa usuária preencher um novo tamanho para o quadro de pixels",
          "fullFile": "",
          "file": "",
          "beforeHooks": [],
          "afterHooks": [],
          "tests": [
            {
              "title": "Verifica se existe um input com o id `board-size`",
              "fullTitle": "10 - Crie um input que permita à pessoa usuária preencher um novo tamanho para o quadro de pixels Verifica se existe um input com o id `board-size`",
              "timedOut": null,
              "duration": 4109,
              "state": "failed",
              "speed": null,
              "pass": false,
              "fail": true,
              "pending": false,
              "context": null,
              "code": "cy.get('#board-size').should('be.visible');",
              "err": {
                "message": "CypressError: Timed out retrying: Expected to find element: '#board-size', but never found it.",
[...]
                "diff": null
              },
              "uuid": "f0d98be6-3ead-4d91-a07d-ffbe4cf3a595",
              "parentUUID": "0c21afcb-09da-4786-ad42-b425c41bcd53",
              "isHook": false,
              "skipped": false
            },
            {
              "title": "Verifica se o novo quadro tem todos os pixels preenchidos com a cor branca",
              "fullTitle": "10 - Crie um input que permita à pessoa usuária preencher um novo tamanho para o quadro de pixels Verifica se o novo quadro tem todos os pixels preenchidos com a cor branca",
              "timedOut": null,
              "duration": 4102,
              "state": "failed",
              "speed": null,
              "pass": false,
              "fail": true,
              "pending": false,
              "context": null,
              "code": "cy.get('#board-size').clear().type(6);\ncy.get('#generate-board').click();\ncy.get('.pixel').should('have.length', 36).each(function (pixel) {\n  expect(pixel).to.have.css('background-color', WHITE);\n});",
              "err": {
                "message": "CypressError: Timed out retrying: Expected to find element: '#board-size', but never found it.",
                "estack": "CypressError: Timed out retrying: Expected to find element: '#board-size', but never found it.\n    at cypressErr (http://localhost:43437/__cypress/runner/cypress_runner.js:149934:9)\n    at throwErr (http://localhost:43437/__cypress/runner/cypress_runner.js:149867:11)\n    at Object.throwErrByPath (http://localhost:43437/__cypress/runner/cypress_runner.js:149915:3)\n    at retry (http://localhost:43437/__cypress/runner/cypress_runner.js:144197:19)\n    at onFailFn (http://localhost:43437/__cypress/runner/cypress_runner.js:132448:16)\n    at tryCatcher (http://localhost:43437/__cypress/runner/cypress_runner.js:167415:23)\n    at Promise._settlePromiseFromHandler (http://localhost:43437/__cypress/runner/cypress_runner.js:165351:31)\n    at Promise._settlePromise (http://localhost:43437/__cypress/runner/cypress_runner.js:165408:18)\n    at Promise._settlePromise0 (http://localhost:43437/__cypress/runner/cypress_runner.js:165453:10)\n    at Promise._settlePromises (http://localhost:43437/__cypress/runner/cypress_runner.js:165528:18)\n    at Async../node_modules/bluebird/js/release/async.js.Async._drainQueue (http://localhost:43437/__cypress/runner/cypress_runner.js:162140:16)\n    at Async../node_modules/bluebird/js/release/async.js.Async._drainQueues (http://localhost:43437/__cypress/runner/cypress_runner.js:162150:10)\n    at Async.drainQueues (http://localhost:43437/__cypress/runner/cypress_runner.js:162024:14)",
                "diff": null
              },
              "uuid": "fb2168e7-432c-46ea-b802-88a8e150654f",
              "parentUUID": "0c21afcb-09da-4786-ad42-b425c41bcd53",
              "isHook": false,
              "skipped": false
            }
          ],
          "suites": [],
          "passes": [],
          "failures": [
            "5944e984-47d7-4370-914b-7bfaf5cdebaa",
            "b542a45a-e754-4889-a841-6384c6136d83",
            "cf5b03ae-0371-47d7-a87e-56d99f0819ac",
            "b046510d-5ab9-4fc6-b101-3f9b787404d2",
            "fa66b87a-0f61-4ecf-bb09-b607ad5df0f7",
            "1efeffb3-bf88-4409-ac18-0da693570761",
            "e9c8a0c1-5376-40ea-97d2-553623a1a99f",
            "f0d98be6-3ead-4d91-a07d-ffbe4cf3a595",
            "fb2168e7-432c-46ea-b802-88a8e150654f"
          ],
          "pending": [],
          "skipped": [],
          "duration": 37016,
          "root": false,
          "rootEmpty": false,
          "_timeout": 2000
        },
        {
          "uuid": "e4b438a3-2ab7-4a65-b25f-fea76c240905",
          "title": "11 - Crie uma função que limite o tamanho mínimo e máximo do quadro de pixels",
          "fullFile": "",
          "file": "",
          "beforeHooks": [],
          "afterHooks": [],
          "tests": [
            {
              "title": "Verifica se a altura máxima do board é 50",
              "fullTitle": "11 - Crie uma função que limite o tamanho mínimo e máximo do quadro de pixels Verifica se a altura máxima do board é 50",
              "timedOut": null,
              "duration": 4107,
              "state": "failed",
              "speed": null,
              "pass": false,
              "fail": true,
              "pending": false,
              "context": null,
              "code": "cy.get('#board-size').clear().type(50);\ncy.get('#generate-board').click();\ncy.get('.pixel').should('have.length', 2500);",
              "err": {
                "message": "CypressError: Timed out retrying: Expected to find element: '#board-size', but never found it.",
                "estack": "CypressError: Timed out retrying: Expected to find element: '#board-size', but never found it.\n    at cypressErr (http://localhost:43437/__cypress/runner/cypress_runner.js:149934:9)\n    at throwErr (http://localhost:43437/__cypress/runner/cypress_runner.js:149867:11)\n    at Object.throwErrByPath (http://localhost:43437/__cypress/runner/cypress_runner.js:149915:3)\n    at retry (http://localhost:43437/__cypress/runner/cypress_runner.js:144197:19)\n    at onFailFn (http://localhost:43437/__cypress/runner/cypress_runner.js:132448:16)\n    at tryCatcher (http://localhost:43437/__cypress/runner/cypress_runner.js:167415:23)\n    at Promise._settlePromiseFromHandler (http://localhost:43437/__cypress/runner/cypress_runner.js:165351:31)\n    at Promise._settlePromise (http://localhost:43437/__cypress/runner/cypress_runner.js:165408:18)\n    at Promise._settlePromise0 (http://localhost:43437/__cypress/runner/cypress_runner.js:165453:10)\n    at Promise._settlePromises (http://localhost:43437/__cypress/runner/cypress_runner.js:165528:18)\n    at Async../node_modules/bluebird/js/release/async.js.Async._drainQueue (http://localhost:43437/__cypress/runner/cypress_runner.js:162140:16)\n    at Async../node_modules/bluebird/js/release/async.js.Async._drainQueues (http://localhost:43437/__cypress/runner/cypress_runner.js:162150:10)\n    at Async.drainQueues (http://localhost:43437/__cypress/runner/cypress_runner.js:162024:14)",
                "diff": null
              },
              "uuid": "4f371834-4dd5-4bcc-80d4-19ebf05c1565",
              "parentUUID": "e4b438a3-2ab7-4a65-b25f-fea76c240905",
              "isHook": false,
              "skipped": false
            },
            {
              "title": "Verifica se a altura do board é 5 quando um valor menor é colocado no input",
              "fullTitle": "11 - Crie uma função que limite o tamanho mínimo e máximo do quadro de pixels Verifica se a altura do board é 5 quando um valor menor é colocado no input",
              "timedOut": null,
              "duration": 4119,
              "state": "failed",
              "speed": null,
              "pass": false,
              "fail": true,
              "pending": false,
              "context": null,
              "code": "cy.get('#board-size').clear().type(4);\ncy.get('#generate-board').click();\ncy.get('.pixel').should('have.length', 25);",
              "err": {
                "message": "CypressError: Timed out retrying: Expected to find element: '#board-size', but never found it.",
                "estack": "CypressError: Timed out retrying: Expected to find element: '#board-size', but never found it.\n    at cypressErr (http://localhost:43437/__cypress/runner/cypress_runner.js:149934:9)\n    at throwErr (http://localhost:43437/__cypress/runner/cypress_runner.js:149867:11)\n    at Object.throwErrByPath (http://localhost:43437/__cypress/runner/cypress_runner.js:149915:3)\n    at retry (http://localhost:43437/__cypress/runner/cypress_runner.js:144197:19)\n    at onFailFn (http://localhost:43437/__cypress/runner/cypress_runner.js:132448:16)\n    at tryCatcher (http://localhost:43437/__cypress/runner/cypress_runner.js:167415:23)\n    at Promise._settlePromiseFromHandler (http://localhost:43437/__cypress/runner/cypress_runner.js:165351:31)\n    at Promise._settlePromise (http://localhost:43437/__cypress/runner/cypress_runner.js:165408:18)\n    at Promise._settlePromise0 (http://localhost:43437/__cypress/runner/cypress_runner.js:165453:10)\n    at Promise._settlePromises (http://localhost:43437/__cypress/runner/cypress_runner.js:165528:18)\n    at Async../node_modules/bluebird/js/release/async.js.Async._drainQueue (http://localhost:43437/__cypress/runner/cypress_runner.js:162140:16)\n    at Async../node_modules/bluebird/js/release/async.js.Async._drainQueues (http://localhost:43437/__cypress/runner/cypress_runner.js:162150:10)\n    at Async.drainQueues (http://localhost:43437/__cypress/runner/cypress_runner.js:162024:14)",
                "diff": null
              },
              "uuid": "1903b44b-1fc7-46bf-88aa-01823fe66a01",
              "parentUUID": "e4b438a3-2ab7-4a65-b25f-fea76c240905",
              "isHook": false,
              "skipped": false
            },
            {
              "title": "Verifica se a altura do board é 50 quando um valor maior é colocado no input",
              "fullTitle": "11 - Crie uma função que limite o tamanho mínimo e máximo do quadro de pixels Verifica se a altura do board é 50 quando um valor maior é colocado no input",
              "timedOut": null,
              "duration": 4124,
              "state": "failed",
              "speed": null,
              "pass": false,
              "fail": true,
              "pending": false,
              "context": null,
              "code": "cy.get('#board-size').clear().type(51);\ncy.get('#generate-board').click();\ncy.get('.pixel').should('have.length', 2500);",
              "err": {
                "message": "CypressError: Timed out retrying: Expected to find element: '#board-size', but never found it.",
                "estack": "CypressError: Timed out retrying: Expected to find element: '#board-size', but never found it.\n    at cypressErr (http://localhost:43437/__cypress/runner/cypress_runner.js:149934:9)\n    at throwErr (http://localhost:43437/__cypress/runner/cypress_runner.js:149867:11)\n    at Object.throwErrByPath (http://localhost:43437/__cypress/runner/cypress_runner.js:149915:3)\n    at retry (http://localhost:43437/__cypress/runner/cypress_runner.js:144197:19)\n    at onFailFn (http://localhost:43437/__cypress/runner/cypress_runner.js:132448:16)\n    at tryCatcher (http://localhost:43437/__cypress/runner/cypress_runner.js:167415:23)\n    at Promise._settlePromiseFromHandler (http://localhost:43437/__cypress/runner/cypress_runner.js:165351:31)\n    at Promise._settlePromise (http://localhost:43437/__cypress/runner/cypress_runner.js:165408:18)\n    at Promise._settlePromise0 (http://localhost:43437/__cypress/runner/cypress_runner.js:165453:10)\n    at Promise._settlePromises (http://localhost:43437/__cypress/runner/cypress_runner.js:165528:18)\n    at Async../node_modules/bluebird/js/release/async.js.Async._drainQueue (http://localhost:43437/__cypress/runner/cypress_runner.js:162140:16)\n    at Async../node_modules/bluebird/js/release/async.js.Async._drainQueues (http://localhost:43437/__cypress/runner/cypress_runner.js:162150:10)\n    at Async.drainQueues (http://localhost:43437/__cypress/runner/cypress_runner.js:162024:14)",
                "diff": null
              },
              "uuid": "0c0f460b-397e-488e-a5ba-70b86c7dbd4d",
              "parentUUID": "e4b438a3-2ab7-4a65-b25f-fea76c240905",
              "isHook": false,
              "skipped": false
            }
          ],
          "suites": [],
          "passes": [],
          "failures": [
            "4f371834-4dd5-4bcc-80d4-19ebf05c1565",
            "1903b44b-1fc7-46bf-88aa-01823fe66a01",
            "0c0f460b-397e-488e-a5ba-70b86c7dbd4d"
          ],
          "pending": [],
          "skipped": [],
          "duration": 12350,
          "root": false,
          "rootEmpty": false,
          "_timeout": 2000
        },
        {
          "uuid": "300d1b67-7224-4108-b234-845ad132fab2",
          "title": "12 - Crie uma função para gerar as cores aleatoriamente ao carregar a página, com exceção da cor preta",
          "fullFile": "",
          "file": "",
          "beforeHooks": [],
          "afterHooks": [],
          "tests": [
            {
              "title": "Verifica se as cores geradas na paleta são diferentes a cada carregamento da página",
              "fullTitle": "12 - Crie uma função para gerar as cores aleatoriamente ao carregar a página, com exceção da cor preta Verifica se as cores geradas na paleta são diferentes a cada carregamento da página",
              "timedOut": null,
              "duration": 4122,
              "state": "failed",
              "speed": null,
              "pass": false,
              "fail": true,
              "pending": false,
              "context": null,
              "code": "cy.get('.color').then(function (colors) {\n  var currentColors;\n  var previousColors;\n  previousColors = Array.from(colors).map(function (color) {\n    return Cypress.$(color).css('background-color');\n  });\n  for (var i = 0; i < 5; i += 1) {\n    cy.reload();\n    cy.get('.color').then(function (colors) {\n      currentColors = Array.from(colors).map(function (color) {\n        return Cypress.$(color).css('background-color');\n      });\n      expect(currentColors).not.to.deep.equal(previousColors);\n      previousColors = currentColors;\n    });\n  }\n});",
              "err": {
                "message": "CypressError: Timed out retrying: Expected to find element: '.color', but never found it.",
                "estack": "CypressError: Timed out retrying: Expected to find element: '.color', but never found it.\n    at cypressErr (http://localhost:43437/__cypress/runner/cypress_runner.js:149934:9)\n    at throwErr (http://localhost:43437/__cypress/runner/cypress_runner.js:149867:11)\n    at Object.throwErrByPath (http://localhost:43437/__cypress/runner/cypress_runner.js:149915:3)\n    at retry (http://localhost:43437/__cypress/runner/cypress_runner.js:144197:19)\n    at onFailFn (http://localhost:43437/__cypress/runner/cypress_runner.js:132448:16)\n    at tryCatcher (http://localhost:43437/__cypress/runner/cypress_runner.js:167415:23)\n    at Promise._settlePromiseFromHandler (http://localhost:43437/__cypress/runner/cypress_runner.js:165351:31)\n    at Promise._settlePromise (http://localhost:43437/__cypress/runner/cypress_runner.js:165408:18)\n    at Promise._settlePromise0 (http://localhost:43437/__cypress/runner/cypress_runner.js:165453:10)\n    at Promise._settlePromises (http://localhost:43437/__cypress/runner/cypress_runner.js:165528:18)\n    at Async../node_modules/bluebird/js/release/async.js.Async._drainQueue (http://localhost:43437/__cypress/runner/cypress_runner.js:162140:16)\n    at Async../node_modules/bluebird/js/release/async.js.Async._drainQueues (http://localhost:43437/__cypress/runner/cypress_runner.js:162150:10)\n    at Async.drainQueues (http://localhost:43437/__cypress/runner/cypress_runner.js:162024:14)",
                "diff": null
              },
              "uuid": "d4b393e6-dc62-40d4-9c10-f782c085bad1",
              "parentUUID": "300d1b67-7224-4108-b234-845ad132fab2",
              "isHook": false,
              "skipped": false
            },
            {
              "title": "Verifica se a cor preta ainda está presente e é a primeira na sua paleta de cores",
              "fullTitle": "12 - Crie uma função para gerar as cores aleatoriamente ao carregar a página, com exceção da cor preta Verifica se a cor preta ainda está presente e é a primeira na sua paleta de cores",
              "timedOut": null,
              "duration": 4108,
              "state": "failed",
              "speed": null,
              "pass": false,
              "fail": true,
              "pending": false,
              "context": null,
              "code": "cy.get('.color').then(function (colors) {\n  var currentColors;\n  var previousColors;\n  previousColors = Array.from(colors).map(function (color) {\n    return Cypress.$(color).css('background-color');\n  });\n  expect(previousColors[0]).to.eq(BLACK);\n  for (var i = 0; i < 5; i += 1) {\n    cy.reload();\n    cy.get('.color').then(function (colors) {\n      currentColors = Array.from(colors).map(function (color) {\n        return Cypress.$(color).css('background-color');\n      });\n      expect(currentColors[0]).to.eq(BLACK);\n      expect(currentColors).not.to.deep.equal(previousColors);\n      previousColors = currentColors;\n    });\n  }\n});",
              "err": {
                "message": "CypressError: Timed out retrying: Expected to find element: '.color', but never found it.",
                "estack": "CypressError: Timed out retrying: Expected to find element: '.color', but never found it.\n    at cypressErr (http://localhost:43437/__cypress/runner/cypress_runner.js:149934:9)\n    at throwErr (http://localhost:43437/__cypress/runner/cypress_runner.js:149867:11)\n    at Object.throwErrByPath (http://localhost:43437/__cypress/runner/cypress_runner.js:149915:3)\n    at retry (http://localhost:43437/__cypress/runner/cypress_runner.js:144197:19)\n    at onFailFn (http://localhost:43437/__cypress/runner/cypress_runner.js:132448:16)\n    at tryCatcher (http://localhost:43437/__cypress/runner/cypress_runner.js:167415:23)\n    at Promise._settlePromiseFromHandler (http://localhost:43437/__cypress/runner/cypress_runner.js:165351:31)\n    at Promise._settlePromise (http://localhost:43437/__cypress/runner/cypress_runner.js:165408:18)\n    at Promise._settlePromise0 (http://localhost:43437/__cypress/runner/cypress_runner.js:165453:10)\n    at Promise._settlePromises (http://localhost:43437/__cypress/runner/cypress_runner.js:165528:18)\n    at Async../node_modules/bluebird/js/release/async.js.Async._drainQueue (http://localhost:43437/__cypress/runner/cypress_runner.js:162140:16)\n    at Async../node_modules/bluebird/js/release/async.js.Async._drainQueues (http://localhost:43437/__cypress/runner/cypress_runner.js:162150:10)\n    at Async.drainQueues (http://localhost:43437/__cypress/runner/cypress_runner.js:162024:14)",
                "diff": null
              },
              "uuid": "d0cc1b0a-294e-4a26-86b3-6ff5d39a0de8",
              "parentUUID": "300d1b67-7224-4108-b234-845ad132fab2",
              "isHook": false,
              "skipped": false
            }
          ],
          "suites": [],
          "passes": [],
          "failures": [
            "d4b393e6-dc62-40d4-9c10-f782c085bad1",
            "d0cc1b0a-294e-4a26-86b3-6ff5d39a0de8"
          ],
          "pending": [],
          "skipped": [],
          "duration": 8230,
          "root": false,
          "rootEmpty": false,
          "_timeout": 2000
        }
      ],
      "passes": [],
      "failures": [],
      "pending": [],
      "skipped": [],
      "duration": 0,
      "root": true,
      "rootEmpty": true,
      "_timeout": 2000
    }
  ],
  "meta": {
    "mocha": {
      "version": "7.0.1"
    },
    "mochawesome": {
      "options": {
        "quiet": false,
        "reportFilename": "mochawesome",
        "saveHtml": false,
        "saveJson": true,
        "consoleReporter": "spec",
        "useInlineDiffs": false
      },
      "version": "4.1.0"
    },
    "marge": {
      "options": {
        "id": "default",
        "reportDir": "cypress/reports",
        "overwrite": true,
        "html": false,
        "json": true
      },
      "version": "4.1.0"
    }
  }
}